<?xml version="1.0" encoding="UTF-8"?>
<testsuites>
  <testsuite name="ModifyHvacTest" filepath="modify_hvac/tests/modify_hvac_test.rb" skipped="0" failures="0" errors="1" tests="2" assertions="32" time="0.0649438999994345">
    <testcase name="test_number_of_arguments" lineno="17" classname="ModifyHvacTest" assertions="1" time="0.031557599999814556">
    </testcase>
    <testcase name="test_good_argument_values" lineno="24" classname="ModifyHvacTest" assertions="31" time="0.03338629999961995">
    <error type="NoMethodError" message="NoMethodError: undefined method `showOutput' for #&lt;OpenStudio::WorkflowStepResult:0x000001f3b7452480 @__swigtype__=&quot;_p_openstudio__WorkflowStepResult&quot;&gt;...">
Failure:
test_good_argument_values(Minitest::Result) [C:/Users/jxiong/Documents/GitHub/buildingsync-measures-gem/lib/measures/modify_hvac/tests/modify_hvac_test.rb:72]:
NoMethodError: undefined method `showOutput' for #&lt;OpenStudio::WorkflowStepResult:0x000001f3b7452480 @__swigtype__="_p_openstudio__WorkflowStepResult"&gt;
    C:/Users/jxiong/Documents/GitHub/buildingsync-measures-gem/lib/measures/modify_hvac/tests/modify_hvac_test.rb:72:in `test_good_argument_values'
    </error>
    </testcase>
  </testsuite>
</testsuites>
