<?xml version="1.0" encoding="UTF-8"?>
<testsuites>
  <testsuite name="DisableSizingRunsTest" filepath="disable_sizing_runs/tests/disable_sizing_runs_test.rb" skipped="0" failures="0" errors="1" tests="2" assertions="1" time="0.06904209999993327">
    <testcase name="test_good_argument_values" lineno="24" classname="DisableSizingRunsTest" assertions="0" time="0.03595689999974638">
    <error type="NoMethodError" message="NoMethodError: undefined method `showOutput' for #&lt;OpenStudio::WorkflowStepResult:0x000001f3b7459758 @__swigtype__=&quot;_p_openstudio__WorkflowStepResult&quot;&gt;...">
Failure:
test_good_argument_values(Minitest::Result) [C:/Users/jxiong/Documents/GitHub/buildingsync-measures-gem/lib/measures/disable_sizing_runs/tests/disable_sizing_runs_test.rb:42]:
NoMethodError: undefined method `showOutput' for #&lt;OpenStudio::WorkflowStepResult:0x000001f3b7459758 @__swigtype__="_p_openstudio__WorkflowStepResult"&gt;
    C:/Users/jxiong/Documents/GitHub/buildingsync-measures-gem/lib/measures/disable_sizing_runs/tests/disable_sizing_runs_test.rb:42:in `test_good_argument_values'
    </error>
    </testcase>
    <testcase name="test_number_of_arguments" lineno="17" classname="DisableSizingRunsTest" assertions="1" time="0.03308520000018689">
    </testcase>
  </testsuite>
</testsuites>
