<?xml version="1.0" encoding="UTF-8"?>
<testsuites>
  <testsuite name="ModifySchedulesTest" filepath="modify_schedules/tests/modify_schedules_test.rb" skipped="0" failures="0" errors="1" tests="2" assertions="9" time="0.27545499999996537">
    <testcase name="test_number_of_arguments" lineno="17" classname="ModifySchedulesTest" assertions="1" time="0.12685289999990346">
    </testcase>
    <testcase name="test_good_argument_values" lineno="24" classname="ModifySchedulesTest" assertions="8" time="0.1486021000000619">
    <error type="NoMethodError" message="NoMethodError: undefined method `showOutput' for #&lt;OpenStudio::WorkflowStepResult:0x000001f3b72564d8 @__swigtype__=&quot;_p_openstudio__WorkflowStepResult&quot;&gt;...">
Failure:
test_good_argument_values(Minitest::Result) [C:/Users/jxiong/Documents/GitHub/buildingsync-measures-gem/lib/measures/modify_schedules/tests/modify_schedules_test.rb:49]:
NoMethodError: undefined method `showOutput' for #&lt;OpenStudio::WorkflowStepResult:0x000001f3b72564d8 @__swigtype__="_p_openstudio__WorkflowStepResult"&gt;
    C:/Users/jxiong/Documents/GitHub/buildingsync-measures-gem/lib/measures/modify_schedules/tests/modify_schedules_test.rb:49:in `test_good_argument_values'
    </error>
    </testcase>
  </testsuite>
</testsuites>
