<?xml version="1.0" encoding="UTF-8"?>
<testsuites>
  <testsuite name="SetInfiltrationByAchTest" filepath="set_infiltration_by_ach/tests/set_infiltration_by_ach_test.rb" skipped="0" failures="0" errors="1" tests="2" assertions="4" time="2.791208199999801">
    <testcase name="test_number_of_arguments" lineno="17" classname="SetInfiltrationByAchTest" assertions="1" time="1.518308100000013">
    </testcase>
    <testcase name="test_good_argument_values" lineno="24" classname="SetInfiltrationByAchTest" assertions="3" time="1.272900099999788">
    <error type="NoMethodError" message="NoMethodError: undefined method `showOutput' for #&lt;OpenStudio::WorkflowStepResult:0x000001f3b745b968 @__swigtype__=&quot;_p_openstudio__WorkflowStepResult&quot;&gt;...">
Failure:
test_good_argument_values(Minitest::Result) [C:/Users/jxiong/Documents/GitHub/buildingsync-measures-gem/lib/measures/set_infiltration_by_ach/tests/set_infiltration_by_ach_test.rb:44]:
NoMethodError: undefined method `showOutput' for #&lt;OpenStudio::WorkflowStepResult:0x000001f3b745b968 @__swigtype__="_p_openstudio__WorkflowStepResult"&gt;
    C:/Users/jxiong/Documents/GitHub/buildingsync-measures-gem/lib/measures/set_infiltration_by_ach/tests/set_infiltration_by_ach_test.rb:44:in `test_good_argument_values'
    </error>
    </testcase>
  </testsuite>
</testsuites>
